<?xml version="1.0" encoding="UTF-8"?>
<testng-results ignored="0" total="1" passed="1" failed="0" skipped="0">
  <reporter-output>
  </reporter-output>
  <suite started-at="2024-01-08T12:53:16 IST" name="Suite" finished-at="2024-01-08T12:53:32 IST" duration-ms="16026">
    <groups>
    </groups>
    <test started-at="2024-01-08T12:53:16 IST" name="Test" finished-at="2024-01-08T12:53:32 IST" duration-ms="16026">
      <class name="TestCases.LoginTest2">
        <test-method is-config="true" signature="openapplication()[pri:0, instance:TestCases.LoginTest2@6025e1b6]" started-at="2024-01-08T12:53:16 IST" name="openapplication" finished-at="2024-01-08T12:53:31 IST" duration-ms="14513" status="PASS">
          <reporter-output>
          </reporter-output>
        </test-method> <!-- openapplication -->
        <test-method signature="logintest()[pri:0, instance:TestCases.LoginTest2@6025e1b6]" started-at="2024-01-08T12:53:31 IST" name="logintest" finished-at="2024-01-08T12:53:32 IST" duration-ms="1360" status="PASS">
          <reporter-output>
          </reporter-output>
        </test-method> <!-- logintest -->
        <test-method is-config="true" signature="closeApplication()[pri:0, instance:TestCases.LoginTest2@6025e1b6]" started-at="2024-01-08T12:53:32 IST" name="closeApplication" finished-at="2024-01-08T12:53:32 IST" duration-ms="110" status="PASS">
          <reporter-output>
          </reporter-output>
        </test-method> <!-- closeApplication -->
      </class> <!-- TestCases.LoginTest2 -->
    </test> <!-- Test -->
  </suite> <!-- Suite -->
</testng-results>
